2018-11-08 06:21:16.784  INFO 5075 --- [http-nio-8080-exec-10] c.k.koalaresto.security.JwtTokenFilter   : Process request to check for a JSON Web Token 
2018-11-08 06:24:41.041  INFO 5075 --- [http-nio-8080-exec-1] c.k.koalaresto.security.JwtTokenFilter   : Process request to check for a JSON Web Token 
2018-11-08 06:36:21.610  INFO 5075 --- [http-nio-8080-exec-2] c.k.koalaresto.security.JwtTokenFilter   : Process request to check for a JSON Web Token 
2018-11-08 06:37:15.468  INFO 5075 --- [http-nio-8080-exec-3] c.k.koalaresto.security.JwtTokenFilter   : Process request to check for a JSON Web Token 
2018-11-08 06:37:15.517  INFO 5075 --- [http-nio-8080-exec-3] c.k.koalaresto.security.JwtTokenFilter   : Process request to check for a JSON Web Token 
2018-11-08 06:37:17.156  INFO 5075 --- [http-nio-8080-exec-4] c.k.koalaresto.security.JwtTokenFilter   : Process request to check for a JSON Web Token 
2018-11-08 06:37:17.157  INFO 5075 --- [http-nio-8080-exec-4] c.k.koalaresto.security.JwtTokenFilter   : Process request to check for a JSON Web Token 
2018-11-08 06:37:20.566  INFO 5075 --- [http-nio-8080-exec-5] c.k.koalaresto.security.JwtTokenFilter   : Process request to check for a JSON Web Token 
2018-11-08 06:37:20.612  INFO 5075 --- [http-nio-8080-exec-5] c.k.koalaresto.service.UserService       : New user attempting to sign in
2018-11-08 06:37:21.031  INFO 5075 --- [http-nio-8080-exec-6] c.k.koalaresto.security.JwtTokenFilter   : Process request to check for a JSON Web Token 
2018-11-08 06:38:15.754  INFO 5075 --- [Thread-2] ConfigServletWebServerApplicationContext : Closing org.springframework.boot.web.servlet.context.AnnotationConfigServletWebServerApplicationContext@45820e51: startup date [Wed Nov 07 08:09:17 WITA 2018]; root of context hierarchy
2018-11-08 06:38:16.110  INFO 5075 --- [Thread-2] o.s.c.support.DefaultLifecycleProcessor  : Stopping beans in phase 2147483647
2018-11-08 06:38:16.142  INFO 5075 --- [Thread-2] o.s.j.e.a.AnnotationMBeanExporter        : Unregistering JMX-exposed beans on shutdown
2018-11-08 06:38:16.164  INFO 5075 --- [Thread-2] o.s.j.e.a.AnnotationMBeanExporter        : Unregistering JMX-exposed beans
2018-11-08 06:38:16.176  INFO 5075 --- [Thread-2] j.LocalContainerEntityManagerFactoryBean : Closing JPA EntityManagerFactory for persistence unit 'default'
2018-11-08 06:38:16.190  INFO 5075 --- [Thread-2] com.zaxxer.hikari.HikariDataSource       : HikariPool-1 - Shutdown initiated...
2018-11-08 06:38:16.266  INFO 5075 --- [Thread-2] com.zaxxer.hikari.HikariDataSource       : HikariPool-1 - Shutdown completed.
2018-11-08 07:45:50.525  INFO 6122 --- [main] c.k.koalaresto.KoalaRestoApplication     : Starting KoalaRestoApplication v0.0.1-SNAPSHOT on ahmad-mirlan with PID 6122 (/home/alan/Documents/Java/koalaresto/target/koalaresto-0.0.1-SNAPSHOT.jar started by alan in /home/alan/Documents/Java/koalaresto/target)
2018-11-08 07:45:50.553  INFO 6122 --- [main] c.k.koalaresto.KoalaRestoApplication     : The following profiles are active: default
2018-11-08 07:45:50.873  INFO 6122 --- [main] ConfigServletWebServerApplicationContext : Refreshing org.springframework.boot.web.servlet.context.AnnotationConfigServletWebServerApplicationContext@45820e51: startup date [Thu Nov 08 07:45:50 WITA 2018]; root of context hierarchy
2018-11-08 07:45:58.011  INFO 6122 --- [main] trationDelegate$BeanPostProcessorChecker : Bean 'org.springframework.transaction.annotation.ProxyTransactionManagementConfiguration' of type [org.springframework.transaction.annotation.ProxyTransactionManagementConfiguration$$EnhancerBySpringCGLIB$$8a8aad17] is not eligible for getting processed by all BeanPostProcessors (for example: not eligible for auto-proxying)
2018-11-08 07:45:58.209  INFO 6122 --- [main] trationDelegate$BeanPostProcessorChecker : Bean 'org.springframework.security.config.annotation.configuration.ObjectPostProcessorConfiguration' of type [org.springframework.security.config.annotation.configuration.ObjectPostProcessorConfiguration$$EnhancerBySpringCGLIB$$23387551] is not eligible for getting processed by all BeanPostProcessors (for example: not eligible for auto-proxying)
2018-11-08 07:45:58.234  INFO 6122 --- [main] trationDelegate$BeanPostProcessorChecker : Bean 'objectPostProcessor' of type [org.springframework.security.config.annotation.configuration.AutowireBeanFactoryObjectPostProcessor] is not eligible for getting processed by all BeanPostProcessors (for example: not eligible for auto-proxying)
2018-11-08 07:45:58.242  INFO 6122 --- [main] trationDelegate$BeanPostProcessorChecker : Bean 'org.springframework.security.access.expression.method.DefaultMethodSecurityExpressionHandler@324a0017' of type [org.springframework.security.access.expression.method.DefaultMethodSecurityExpressionHandler] is not eligible for getting processed by all BeanPostProcessors (for example: not eligible for auto-proxying)
2018-11-08 07:45:58.253  INFO 6122 --- [main] trationDelegate$BeanPostProcessorChecker : Bean 'org.springframework.security.config.annotation.method.configuration.GlobalMethodSecurityConfiguration' of type [org.springframework.security.config.annotation.method.configuration.GlobalMethodSecurityConfiguration$$EnhancerBySpringCGLIB$$480d1803] is not eligible for getting processed by all BeanPostProcessors (for example: not eligible for auto-proxying)
2018-11-08 07:45:58.282  INFO 6122 --- [main] trationDelegate$BeanPostProcessorChecker : Bean 'methodSecurityMetadataSource' of type [org.springframework.security.access.method.DelegatingMethodSecurityMetadataSource] is not eligible for getting processed by all BeanPostProcessors (for example: not eligible for auto-proxying)
2018-11-08 07:45:58.339  INFO 6122 --- [main] trationDelegate$BeanPostProcessorChecker : Bean 'org.springframework.hateoas.config.HateoasConfiguration' of type [org.springframework.hateoas.config.HateoasConfiguration$$EnhancerBySpringCGLIB$$a0afa49] is not eligible for getting processed by all BeanPostProcessors (for example: not eligible for auto-proxying)
2018-11-08 07:46:00.324  INFO 6122 --- [main] o.s.b.w.embedded.tomcat.TomcatWebServer  : Tomcat initialized with port(s): 8080 (http)
2018-11-08 07:46:00.530  INFO 6122 --- [main] o.apache.catalina.core.StandardService   : Starting service [Tomcat]
2018-11-08 07:46:00.531  INFO 6122 --- [main] org.apache.catalina.core.StandardEngine  : Starting Servlet Engine: Apache Tomcat/8.5.34
2018-11-08 07:46:00.598  INFO 6122 --- [localhost-startStop-1] o.a.catalina.core.AprLifecycleListener   : The APR based Apache Tomcat Native library which allows optimal performance in production environments was not found on the java.library.path: [/usr/java/packages/lib:/usr/lib/x86_64-linux-gnu/jni:/lib/x86_64-linux-gnu:/usr/lib/x86_64-linux-gnu:/usr/lib/jni:/lib:/usr/lib]
2018-11-08 07:46:00.964  INFO 6122 --- [localhost-startStop-1] o.a.c.c.C.[Tomcat].[localhost].[/]       : Initializing Spring embedded WebApplicationContext
2018-11-08 07:46:00.965  INFO 6122 --- [localhost-startStop-1] o.s.web.context.ContextLoader            : Root WebApplicationContext: initialization completed in 10092 ms
2018-11-08 07:46:01.197  INFO 6122 --- [localhost-startStop-1] o.s.b.w.servlet.FilterRegistrationBean   : Mapping filter: 'characterEncodingFilter' to: [/*]
2018-11-08 07:46:01.198  INFO 6122 --- [localhost-startStop-1] o.s.b.w.servlet.FilterRegistrationBean   : Mapping filter: 'hiddenHttpMethodFilter' to: [/*]
2018-11-08 07:46:01.199  INFO 6122 --- [localhost-startStop-1] o.s.b.w.servlet.FilterRegistrationBean   : Mapping filter: 'httpPutFormContentFilter' to: [/*]
2018-11-08 07:46:01.199  INFO 6122 --- [localhost-startStop-1] o.s.b.w.servlet.FilterRegistrationBean   : Mapping filter: 'requestContextFilter' to: [/*]
2018-11-08 07:46:01.200  INFO 6122 --- [localhost-startStop-1] .s.DelegatingFilterProxyRegistrationBean : Mapping filter: 'springSecurityFilterChain' to: [/*]
2018-11-08 07:46:01.201  INFO 6122 --- [localhost-startStop-1] o.s.b.w.servlet.ServletRegistrationBean  : Servlet dispatcherServlet mapped to [/]
2018-11-08 07:46:01.814  INFO 6122 --- [main] o.f.core.internal.util.VersionPrinter    : Flyway Community Edition 5.0.7 by Boxfuse
2018-11-08 07:46:01.839  INFO 6122 --- [main] com.zaxxer.hikari.HikariDataSource       : HikariPool-1 - Starting...
2018-11-08 07:46:02.800  INFO 6122 --- [main] com.zaxxer.hikari.HikariDataSource       : HikariPool-1 - Start completed.
2018-11-08 07:46:02.806  INFO 6122 --- [main] o.f.c.internal.database.DatabaseFactory  : Database: jdbc:mysql://localhost:3306/koalaresto (MySQL 5.7)
2018-11-08 07:46:03.144  INFO 6122 --- [main] o.f.core.internal.command.DbValidate     : Successfully validated 4 migrations (execution time 00:00.161s)
2018-11-08 07:46:03.191  INFO 6122 --- [main] o.f.core.internal.command.DbMigrate      : Current version of schema `koalaresto`: 2.1
2018-11-08 07:46:03.193  INFO 6122 --- [main] o.f.core.internal.command.DbMigrate      : Schema `koalaresto` is up to date. No migration necessary.
2018-11-08 07:46:03.627  INFO 6122 --- [main] j.LocalContainerEntityManagerFactoryBean : Building JPA container EntityManagerFactory for persistence unit 'default'
2018-11-08 07:46:03.749  INFO 6122 --- [main] o.hibernate.jpa.internal.util.LogHelper  : HHH000204: Processing PersistenceUnitInfo [
	name: default
	...]
2018-11-08 07:46:04.174  INFO 6122 --- [main] org.hibernate.Version                    : HHH000412: Hibernate Core {5.2.17.Final}
2018-11-08 07:46:04.177  INFO 6122 --- [main] org.hibernate.cfg.Environment            : HHH000206: hibernate.properties not found
2018-11-08 07:46:04.393  INFO 6122 --- [main] o.hibernate.annotations.common.Version   : HCANN000001: Hibernate Commons Annotations {5.0.1.Final}
2018-11-08 07:46:05.537  INFO 6122 --- [main] org.hibernate.dialect.Dialect            : HHH000400: Using dialect: org.hibernate.dialect.MySQL5Dialect
2018-11-08 07:46:06.904  INFO 6122 --- [main] j.LocalContainerEntityManagerFactoryBean : Initialized JPA EntityManagerFactory for persistence unit 'default'
2018-11-08 07:46:09.862  WARN 6122 --- [main] aWebConfiguration$JpaWebMvcConfiguration : spring.jpa.open-in-view is enabled by default. Therefore, database queries may be performed during view rendering. Explicitly configure spring.jpa.open-in-view to disable this warning
2018-11-08 07:46:10.347  WARN 6122 --- [main] .c.m.RepositoryCollectionResourceMapping : @RestResource detected to customize the repository resource for com.koalaresto.koalaresto.repo.FoodRepository! Use @RepositoryRestResource instead!
2018-11-08 07:46:10.349  WARN 6122 --- [main] .c.m.RepositoryCollectionResourceMapping : @RestResource detected to customize the repository resource for com.koalaresto.koalaresto.repo.RoleRepository! Use @RepositoryRestResource instead!
2018-11-08 07:46:10.354  WARN 6122 --- [main] .c.m.RepositoryCollectionResourceMapping : @RestResource detected to customize the repository resource for com.koalaresto.koalaresto.repo.UserRepository! Use @RepositoryRestResource instead!
2018-11-08 07:46:10.866  INFO 6122 --- [main] s.w.s.m.m.a.RequestMappingHandlerMapping : Mapped "{[/users/signin],methods=[POST],produces=[application/json]}" onto public java.lang.String com.koalaresto.koalaresto.web.AuthController.login(com.koalaresto.koalaresto.web.LoginDto)
2018-11-08 07:46:10.876  INFO 6122 --- [main] s.w.s.m.m.a.RequestMappingHandlerMapping : Mapped "{[/users/signup],methods=[POST]}" onto public com.koalaresto.koalaresto.domain.User com.koalaresto.koalaresto.web.AuthController.signup(com.koalaresto.koalaresto.web.LoginDto)
2018-11-08 07:46:10.887  INFO 6122 --- [main] s.w.s.m.m.a.RequestMappingHandlerMapping : Mapped "{[/api/users/myprofile],methods=[POST]}" onto public java.util.Optional<com.koalaresto.koalaresto.domain.User> com.koalaresto.koalaresto.web.UserController.getUser(java.lang.String)
2018-11-08 07:46:10.889  INFO 6122 --- [main] s.w.s.m.m.a.RequestMappingHandlerMapping : Mapped "{[/api/users/{id}],methods=[PUT]}" onto public java.util.Optional<com.koalaresto.koalaresto.domain.User> com.koalaresto.koalaresto.web.UserController.updateUserRole(java.lang.Long,java.lang.String)
2018-11-08 07:46:10.902  INFO 6122 --- [main] s.w.s.m.m.a.RequestMappingHandlerMapping : Mapped "{[/swagger-resources/configuration/ui]}" onto public org.springframework.http.ResponseEntity<springfox.documentation.swagger.web.UiConfiguration> springfox.documentation.swagger.web.ApiResourceController.uiConfiguration()
2018-11-08 07:46:10.906  INFO 6122 --- [main] s.w.s.m.m.a.RequestMappingHandlerMapping : Mapped "{[/swagger-resources/configuration/security]}" onto public org.springframework.http.ResponseEntity<springfox.documentation.swagger.web.SecurityConfiguration> springfox.documentation.swagger.web.ApiResourceController.securityConfiguration()
2018-11-08 07:46:10.909  INFO 6122 --- [main] s.w.s.m.m.a.RequestMappingHandlerMapping : Mapped "{[/swagger-resources]}" onto public org.springframework.http.ResponseEntity<java.util.List<springfox.documentation.swagger.web.SwaggerResource>> springfox.documentation.swagger.web.ApiResourceController.swaggerResources()
2018-11-08 07:46:10.926  INFO 6122 --- [main] s.w.s.m.m.a.RequestMappingHandlerMapping : Mapped "{[/error]}" onto public org.springframework.http.ResponseEntity<java.util.Map<java.lang.String, java.lang.Object>> org.springframework.boot.autoconfigure.web.servlet.error.BasicErrorController.error(javax.servlet.http.HttpServletRequest)
2018-11-08 07:46:10.927  INFO 6122 --- [main] s.w.s.m.m.a.RequestMappingHandlerMapping : Mapped "{[/error],produces=[text/html]}" onto public org.springframework.web.servlet.ModelAndView org.springframework.boot.autoconfigure.web.servlet.error.BasicErrorController.errorHtml(javax.servlet.http.HttpServletRequest,javax.servlet.http.HttpServletResponse)
2018-11-08 07:46:11.663  INFO 6122 --- [main] pertySourcedRequestMappingHandlerMapping : Mapped URL path [/v2/api-docs] onto method [public org.springframework.http.ResponseEntity<springfox.documentation.spring.web.json.Json> springfox.documentation.swagger2.web.Swagger2Controller.getDocumentation(java.lang.String,javax.servlet.http.HttpServletRequest)]
2018-11-08 07:46:11.889  INFO 6122 --- [main] o.s.w.s.handler.SimpleUrlHandlerMapping  : Mapped URL path [/**/favicon.ico] onto handler of type [class org.springframework.web.servlet.resource.ResourceHttpRequestHandler]
2018-11-08 07:46:12.180  INFO 6122 --- [main] s.w.s.m.m.a.RequestMappingHandlerAdapter : Looking for @ControllerAdvice: org.springframework.boot.web.servlet.context.AnnotationConfigServletWebServerApplicationContext@45820e51: startup date [Thu Nov 08 07:45:50 WITA 2018]; root of context hierarchy
2018-11-08 07:46:12.423  INFO 6122 --- [main] o.s.w.s.handler.SimpleUrlHandlerMapping  : Mapped URL path [/webjars/**] onto handler of type [class org.springframework.web.servlet.resource.ResourceHttpRequestHandler]
2018-11-08 07:46:12.425  INFO 6122 --- [main] o.s.w.s.handler.SimpleUrlHandlerMapping  : Mapped URL path [/**] onto handler of type [class org.springframework.web.servlet.resource.ResourceHttpRequestHandler]
2018-11-08 07:46:12.485  INFO 6122 --- [main] .m.m.a.ExceptionHandlerExceptionResolver : Detected @ExceptionHandler methods in exceptionHandlerController
2018-11-08 07:46:12.490  INFO 6122 --- [main] .m.m.a.ExceptionHandlerExceptionResolver : Detected @ExceptionHandler methods in repositoryRestExceptionHandler
2018-11-08 07:46:13.299  INFO 6122 --- [main] o.s.d.r.w.RepositoryRestHandlerAdapter   : Looking for @ControllerAdvice: org.springframework.boot.web.servlet.context.AnnotationConfigServletWebServerApplicationContext@45820e51: startup date [Thu Nov 08 07:45:50 WITA 2018]; root of context hierarchy
2018-11-08 07:46:13.348  INFO 6122 --- [main] o.s.d.r.w.RepositoryRestHandlerMapping   : Mapped "{[/api/ || /api],methods=[GET],produces=[application/hal+json || application/json]}" onto public org.springframework.http.HttpEntity<org.springframework.data.rest.webmvc.RepositoryLinksResource> org.springframework.data.rest.webmvc.RepositoryController.listRepositories()
2018-11-08 07:46:13.349  INFO 6122 --- [main] o.s.d.r.w.RepositoryRestHandlerMapping   : Mapped "{[/api/ || /api],methods=[OPTIONS],produces=[application/hal+json || application/json]}" onto public org.springframework.http.HttpEntity<?> org.springframework.data.rest.webmvc.RepositoryController.optionsForRepositories()
2018-11-08 07:46:13.351  INFO 6122 --- [main] o.s.d.r.w.RepositoryRestHandlerMapping   : Mapped "{[/api/ || /api],methods=[HEAD],produces=[application/hal+json || application/json]}" onto public org.springframework.http.ResponseEntity<?> org.springframework.data.rest.webmvc.RepositoryController.headForRepositories()
2018-11-08 07:46:13.359  INFO 6122 --- [main] o.s.d.r.w.RepositoryRestHandlerMapping   : Mapped "{[/api/{repository}],methods=[OPTIONS],produces=[application/hal+json || application/json]}" onto public org.springframework.http.ResponseEntity<?> org.springframework.data.rest.webmvc.RepositoryEntityController.optionsForCollectionResource(org.springframework.data.rest.webmvc.RootResourceInformation)
2018-11-08 07:46:13.361  INFO 6122 --- [main] o.s.d.r.w.RepositoryRestHandlerMapping   : Mapped "{[/api/{repository}],methods=[HEAD],produces=[application/hal+json || application/json]}" onto public org.springframework.http.ResponseEntity<?> org.springframework.data.rest.webmvc.RepositoryEntityController.headCollectionResource(org.springframework.data.rest.webmvc.RootResourceInformation,org.springframework.data.rest.webmvc.support.DefaultedPageable) throws org.springframework.web.HttpRequestMethodNotSupportedException
2018-11-08 07:46:13.362  INFO 6122 --- [main] o.s.d.r.w.RepositoryRestHandlerMapping   : Mapped "{[/api/{repository}],methods=[GET],produces=[application/hal+json || application/json]}" onto public org.springframework.hateoas.Resources<?> org.springframework.data.rest.webmvc.RepositoryEntityController.getCollectionResource(org.springframework.data.rest.webmvc.RootResourceInformation,org.springframework.data.rest.webmvc.support.DefaultedPageable,org.springframework.data.domain.Sort,org.springframework.data.rest.webmvc.PersistentEntityResourceAssembler) throws org.springframework.data.rest.webmvc.ResourceNotFoundException,org.springframework.web.HttpRequestMethodNotSupportedException
2018-11-08 07:46:13.363  INFO 6122 --- [main] o.s.d.r.w.RepositoryRestHandlerMapping   : Mapped "{[/api/{repository}],methods=[GET],produces=[application/x-spring-data-compact+json || text/uri-list]}" onto public org.springframework.hateoas.Resources<?> org.springframework.data.rest.webmvc.RepositoryEntityController.getCollectionResourceCompact(org.springframework.data.rest.webmvc.RootResourceInformation,org.springframework.data.rest.webmvc.support.DefaultedPageable,org.springframework.data.domain.Sort,org.springframework.data.rest.webmvc.PersistentEntityResourceAssembler) throws org.springframework.data.rest.webmvc.ResourceNotFoundException,org.springframework.web.HttpRequestMethodNotSupportedException
2018-11-08 07:46:13.367  INFO 6122 --- [main] o.s.d.r.w.RepositoryRestHandlerMapping   : Mapped "{[/api/{repository}],methods=[POST],produces=[application/hal+json || application/json]}" onto public org.springframework.http.ResponseEntity<org.springframework.hateoas.ResourceSupport> org.springframework.data.rest.webmvc.RepositoryEntityController.postCollectionResource(org.springframework.data.rest.webmvc.RootResourceInformation,org.springframework.data.rest.webmvc.PersistentEntityResource,org.springframework.data.rest.webmvc.PersistentEntityResourceAssembler,java.lang.String) throws org.springframework.web.HttpRequestMethodNotSupportedException
2018-11-08 07:46:13.371  INFO 6122 --- [main] o.s.d.r.w.RepositoryRestHandlerMapping   : Mapped "{[/api/{repository}/{id}],methods=[OPTIONS],produces=[application/hal+json || application/json]}" onto public org.springframework.http.ResponseEntity<?> org.springframework.data.rest.webmvc.RepositoryEntityController.optionsForItemResource(org.springframework.data.rest.webmvc.RootResourceInformation)
2018-11-08 07:46:13.377  INFO 6122 --- [main] o.s.d.r.w.RepositoryRestHandlerMapping   : Mapped "{[/api/{repository}/{id}],methods=[HEAD],produces=[application/hal+json || application/json]}" onto public org.springframework.http.ResponseEntity<?> org.springframework.data.rest.webmvc.RepositoryEntityController.headForItemResource(org.springframework.data.rest.webmvc.RootResourceInformation,java.io.Serializable,org.springframework.data.rest.webmvc.PersistentEntityResourceAssembler) throws org.springframework.web.HttpRequestMethodNotSupportedException
2018-11-08 07:46:13.379  INFO 6122 --- [main] o.s.d.r.w.RepositoryRestHandlerMapping   : Mapped "{[/api/{repository}/{id}],methods=[GET],produces=[application/hal+json || application/json]}" onto public org.springframework.http.ResponseEntity<org.springframework.hateoas.Resource<?>> org.springframework.data.rest.webmvc.RepositoryEntityController.getItemResource(org.springframework.data.rest.webmvc.RootResourceInformation,java.io.Serializable,org.springframework.data.rest.webmvc.PersistentEntityResourceAssembler,org.springframework.http.HttpHeaders) throws org.springframework.web.HttpRequestMethodNotSupportedException
2018-11-08 07:46:13.384  INFO 6122 --- [main] o.s.d.r.w.RepositoryRestHandlerMapping   : Mapped "{[/api/{repository}/{id}],methods=[PUT],produces=[application/hal+json || application/json]}" onto public org.springframework.http.ResponseEntity<? extends org.springframework.hateoas.ResourceSupport> org.springframework.data.rest.webmvc.RepositoryEntityController.putItemResource(org.springframework.data.rest.webmvc.RootResourceInformation,org.springframework.data.rest.webmvc.PersistentEntityResource,java.io.Serializable,org.springframework.data.rest.webmvc.PersistentEntityResourceAssembler,org.springframework.data.rest.webmvc.support.ETag,java.lang.String) throws org.springframework.web.HttpRequestMethodNotSupportedException
2018-11-08 07:46:13.385  INFO 6122 --- [main] o.s.d.r.w.RepositoryRestHandlerMapping   : Mapped "{[/api/{repository}/{id}],methods=[PATCH],produces=[application/hal+json || application/json]}" onto public org.springframework.http.ResponseEntity<org.springframework.hateoas.ResourceSupport> org.springframework.data.rest.webmvc.RepositoryEntityController.patchItemResource(org.springframework.data.rest.webmvc.RootResourceInformation,org.springframework.data.rest.webmvc.PersistentEntityResource,java.io.Serializable,org.springframework.data.rest.webmvc.PersistentEntityResourceAssembler,org.springframework.data.rest.webmvc.support.ETag,java.lang.String) throws org.springframework.web.HttpRequestMethodNotSupportedException,org.springframework.data.rest.webmvc.ResourceNotFoundException
2018-11-08 07:46:13.386  INFO 6122 --- [main] o.s.d.r.w.RepositoryRestHandlerMapping   : Mapped "{[/api/{repository}/{id}],methods=[DELETE],produces=[application/hal+json || application/json]}" onto public org.springframework.http.ResponseEntity<?> org.springframework.data.rest.webmvc.RepositoryEntityController.deleteItemResource(org.springframework.data.rest.webmvc.RootResourceInformation,java.io.Serializable,org.springframework.data.rest.webmvc.support.ETag) throws org.springframework.data.rest.webmvc.ResourceNotFoundException,org.springframework.web.HttpRequestMethodNotSupportedException
2018-11-08 07:46:13.393  INFO 6122 --- [main] o.s.d.r.w.RepositoryRestHandlerMapping   : Mapped "{[/api/{repository}/{id}/{property}],methods=[GET],produces=[application/hal+json || application/json]}" onto public org.springframework.http.ResponseEntity<org.springframework.hateoas.ResourceSupport> org.springframework.data.rest.webmvc.RepositoryPropertyReferenceController.followPropertyReference(org.springframework.data.rest.webmvc.RootResourceInformation,java.io.Serializable,java.lang.String,org.springframework.data.rest.webmvc.PersistentEntityResourceAssembler) throws java.lang.Exception
2018-11-08 07:46:13.394  INFO 6122 --- [main] o.s.d.r.w.RepositoryRestHandlerMapping   : Mapped "{[/api/{repository}/{id}/{property}/{propertyId}],methods=[GET],produces=[application/hal+json || application/json]}" onto public org.springframework.http.ResponseEntity<org.springframework.hateoas.ResourceSupport> org.springframework.data.rest.webmvc.RepositoryPropertyReferenceController.followPropertyReference(org.springframework.data.rest.webmvc.RootResourceInformation,java.io.Serializable,java.lang.String,java.lang.String,org.springframework.data.rest.webmvc.PersistentEntityResourceAssembler) throws java.lang.Exception
2018-11-08 07:46:13.396  INFO 6122 --- [main] o.s.d.r.w.RepositoryRestHandlerMapping   : Mapped "{[/api/{repository}/{id}/{property}],methods=[DELETE],produces=[application/hal+json || application/json]}" onto public org.springframework.http.ResponseEntity<? extends org.springframework.hateoas.ResourceSupport> org.springframework.data.rest.webmvc.RepositoryPropertyReferenceController.deletePropertyReference(org.springframework.data.rest.webmvc.RootResourceInformation,java.io.Serializable,java.lang.String) throws java.lang.Exception
2018-11-08 07:46:13.399  INFO 6122 --- [main] o.s.d.r.w.RepositoryRestHandlerMapping   : Mapped "{[/api/{repository}/{id}/{property}],methods=[GET],produces=[application/x-spring-data-compact+json || text/uri-list]}" onto public org.springframework.http.ResponseEntity<org.springframework.hateoas.ResourceSupport> org.springframework.data.rest.webmvc.RepositoryPropertyReferenceController.followPropertyReferenceCompact(org.springframework.data.rest.webmvc.RootResourceInformation,java.io.Serializable,java.lang.String,org.springframework.data.rest.webmvc.PersistentEntityResourceAssembler) throws java.lang.Exception
2018-11-08 07:46:13.401  INFO 6122 --- [main] o.s.d.r.w.RepositoryRestHandlerMapping   : Mapped "{[/api/{repository}/{id}/{property}],methods=[PATCH || PUT || POST],consumes=[application/json || application/x-spring-data-compact+json || text/uri-list],produces=[application/hal+json || application/json]}" onto public org.springframework.http.ResponseEntity<? extends org.springframework.hateoas.ResourceSupport> org.springframework.data.rest.webmvc.RepositoryPropertyReferenceController.createPropertyReference(org.springframework.data.rest.webmvc.RootResourceInformation,org.springframework.http.HttpMethod,org.springframework.hateoas.Resources<java.lang.Object>,java.io.Serializable,java.lang.String) throws java.lang.Exception
2018-11-08 07:46:13.406  INFO 6122 --- [main] o.s.d.r.w.RepositoryRestHandlerMapping   : Mapped "{[/api/{repository}/{id}/{property}/{propertyId}],methods=[DELETE],produces=[application/hal+json || application/json]}" onto public org.springframework.http.ResponseEntity<org.springframework.hateoas.ResourceSupport> org.springframework.data.rest.webmvc.RepositoryPropertyReferenceController.deletePropertyReferenceId(org.springframework.data.rest.webmvc.RootResourceInformation,java.io.Serializable,java.lang.String,java.lang.String) throws java.lang.Exception
2018-11-08 07:46:13.413  INFO 6122 --- [main] o.s.d.r.w.RepositoryRestHandlerMapping   : Mapped "{[/api/{repository}/search],methods=[HEAD],produces=[application/hal+json || application/json]}" onto public org.springframework.http.HttpEntity<?> org.springframework.data.rest.webmvc.RepositorySearchController.headForSearches(org.springframework.data.rest.webmvc.RootResourceInformation)
2018-11-08 07:46:13.414  INFO 6122 --- [main] o.s.d.r.w.RepositoryRestHandlerMapping   : Mapped "{[/api/{repository}/search],methods=[GET],produces=[application/hal+json || application/json]}" onto public org.springframework.data.rest.webmvc.RepositorySearchesResource org.springframework.data.rest.webmvc.RepositorySearchController.listSearches(org.springframework.data.rest.webmvc.RootResourceInformation)
2018-11-08 07:46:13.415  INFO 6122 --- [main] o.s.d.r.w.RepositoryRestHandlerMapping   : Mapped "{[/api/{repository}/search/{search}],methods=[GET],produces=[application/hal+json || application/json]}" onto public org.springframework.http.ResponseEntity<?> org.springframework.data.rest.webmvc.RepositorySearchController.executeSearch(org.springframework.data.rest.webmvc.RootResourceInformation,org.springframework.util.MultiValueMap<java.lang.String, java.lang.Object>,java.lang.String,org.springframework.data.rest.webmvc.support.DefaultedPageable,org.springframework.data.domain.Sort,org.springframework.data.rest.webmvc.PersistentEntityResourceAssembler,org.springframework.http.HttpHeaders)
2018-11-08 07:46:13.419  INFO 6122 --- [main] o.s.d.r.w.RepositoryRestHandlerMapping   : Mapped "{[/api/{repository}/search/{search}],methods=[GET],produces=[application/x-spring-data-compact+json]}" onto public org.springframework.hateoas.ResourceSupport org.springframework.data.rest.webmvc.RepositorySearchController.executeSearchCompact(org.springframework.data.rest.webmvc.RootResourceInformation,org.springframework.http.HttpHeaders,org.springframework.util.MultiValueMap<java.lang.String, java.lang.Object>,java.lang.String,java.lang.String,org.springframework.data.rest.webmvc.support.DefaultedPageable,org.springframework.data.domain.Sort,org.springframework.data.rest.webmvc.PersistentEntityResourceAssembler)
2018-11-08 07:46:13.424  INFO 6122 --- [main] o.s.d.r.w.RepositoryRestHandlerMapping   : Mapped "{[/api/{repository}/search/{search}],methods=[OPTIONS],produces=[application/hal+json || application/json]}" onto public org.springframework.http.ResponseEntity<java.lang.Object> org.springframework.data.rest.webmvc.RepositorySearchController.optionsForSearch(org.springframework.data.rest.webmvc.RootResourceInformation,java.lang.String)
2018-11-08 07:46:13.427  INFO 6122 --- [main] o.s.d.r.w.RepositoryRestHandlerMapping   : Mapped "{[/api/{repository}/search/{search}],methods=[HEAD],produces=[application/hal+json || application/json]}" onto public org.springframework.http.ResponseEntity<java.lang.Object> org.springframework.data.rest.webmvc.RepositorySearchController.headForSearch(org.springframework.data.rest.webmvc.RootResourceInformation,java.lang.String)
2018-11-08 07:46:13.428  INFO 6122 --- [main] o.s.d.r.w.RepositoryRestHandlerMapping   : Mapped "{[/api/{repository}/search],methods=[OPTIONS],produces=[application/hal+json || application/json]}" onto public org.springframework.http.HttpEntity<?> org.springframework.data.rest.webmvc.RepositorySearchController.optionsForSearches(org.springframework.data.rest.webmvc.RootResourceInformation)
2018-11-08 07:46:13.437  INFO 6122 --- [main] o.s.d.r.w.BasePathAwareHandlerMapping    : Mapped "{[/api/profile],methods=[OPTIONS]}" onto public org.springframework.http.HttpEntity<?> org.springframework.data.rest.webmvc.ProfileController.profileOptions()
2018-11-08 07:46:13.438  INFO 6122 --- [main] o.s.d.r.w.BasePathAwareHandlerMapping    : Mapped "{[/api/profile],methods=[GET]}" onto org.springframework.http.HttpEntity<org.springframework.hateoas.ResourceSupport> org.springframework.data.rest.webmvc.ProfileController.listAllFormsOfMetadata()
2018-11-08 07:46:13.439  INFO 6122 --- [main] o.s.d.r.w.BasePathAwareHandlerMapping    : Mapped "{[/api/profile/{repository}],methods=[GET],produces=[application/alps+json || */*]}" onto org.springframework.http.HttpEntity<org.springframework.data.rest.webmvc.RootResourceInformation> org.springframework.data.rest.webmvc.alps.AlpsController.descriptor(org.springframework.data.rest.webmvc.RootResourceInformation)
2018-11-08 07:46:13.440  INFO 6122 --- [main] o.s.d.r.w.BasePathAwareHandlerMapping    : Mapped "{[/api/profile/{repository}],methods=[OPTIONS],produces=[application/alps+json]}" onto org.springframework.http.HttpEntity<?> org.springframework.data.rest.webmvc.alps.AlpsController.alpsOptions()
2018-11-08 07:46:13.442  INFO 6122 --- [main] o.s.d.r.w.BasePathAwareHandlerMapping    : Mapped "{[/api/profile/{repository}],methods=[GET],produces=[application/schema+json]}" onto public org.springframework.http.HttpEntity<org.springframework.data.rest.webmvc.json.JsonSchema> org.springframework.data.rest.webmvc.RepositorySchemaController.schema(org.springframework.data.rest.webmvc.RootResourceInformation)
2018-11-08 07:46:13.917  INFO 6122 --- [main] o.s.s.web.DefaultSecurityFilterChain     : Creating filter chain: Ant [pattern='/v2/api-docs'], []
2018-11-08 07:46:13.918  INFO 6122 --- [main] o.s.s.web.DefaultSecurityFilterChain     : Creating filter chain: Ant [pattern='/swagger-resources/**'], []
2018-11-08 07:46:13.918  INFO 6122 --- [main] o.s.s.web.DefaultSecurityFilterChain     : Creating filter chain: Ant [pattern='/swagger-ui.html'], []
2018-11-08 07:46:13.918  INFO 6122 --- [main] o.s.s.web.DefaultSecurityFilterChain     : Creating filter chain: Ant [pattern='/configuration/**'], []
2018-11-08 07:46:13.919  INFO 6122 --- [main] o.s.s.web.DefaultSecurityFilterChain     : Creating filter chain: Ant [pattern='/webjars/**'], []
2018-11-08 07:46:13.919  INFO 6122 --- [main] o.s.s.web.DefaultSecurityFilterChain     : Creating filter chain: Ant [pattern='/public'], []
2018-11-08 07:46:14.151  INFO 6122 --- [main] o.s.s.web.DefaultSecurityFilterChain     : Creating filter chain: org.springframework.security.web.util.matcher.AnyRequestMatcher@1, [org.springframework.security.web.context.request.async.WebAsyncManagerIntegrationFilter@38d08cb5, org.springframework.security.web.context.SecurityContextPersistenceFilter@2b916808, org.springframework.security.web.header.HeaderWriterFilter@72a2312e, org.springframework.security.web.authentication.logout.LogoutFilter@62c72501, com.koalaresto.koalaresto.security.JwtTokenFilter@363c32cc, org.springframework.security.web.savedrequest.RequestCacheAwareFilter@580fd26b, org.springframework.security.web.servletapi.SecurityContextHolderAwareRequestFilter@5c887052, org.springframework.security.web.authentication.AnonymousAuthenticationFilter@6f3f0ae, org.springframework.security.web.session.SessionManagementFilter@20580d4e, org.springframework.security.web.access.ExceptionTranslationFilter@6e31d989, org.springframework.security.web.access.intercept.FilterSecurityInterceptor@76bf1bb8]
2018-11-08 07:46:14.381  INFO 6122 --- [main] o.s.j.e.a.AnnotationMBeanExporter        : Registering beans for JMX exposure on startup
2018-11-08 07:46:14.389  INFO 6122 --- [main] o.s.j.e.a.AnnotationMBeanExporter        : Bean with name 'dataSource' has been autodetected for JMX exposure
2018-11-08 07:46:14.409  INFO 6122 --- [main] o.s.j.e.a.AnnotationMBeanExporter        : Located MBean 'dataSource': registering with JMX server as MBean [com.zaxxer.hikari:name=dataSource,type=HikariDataSource]
2018-11-08 07:46:14.422  INFO 6122 --- [main] o.s.c.support.DefaultLifecycleProcessor  : Starting beans in phase 2147483647
2018-11-08 07:46:14.422  INFO 6122 --- [main] d.s.w.p.DocumentationPluginsBootstrapper : Context refreshed
2018-11-08 07:46:14.482  INFO 6122 --- [main] d.s.w.p.DocumentationPluginsBootstrapper : Found 1 custom documentation plugin(s)
2018-11-08 07:46:14.548  INFO 6122 --- [main] s.d.s.w.s.ApiListingReferenceScanner     : Scanning for api listing references
2018-11-08 07:46:15.145  INFO 6122 --- [main] o.s.b.w.embedded.tomcat.TomcatWebServer  : Tomcat started on port(s): 8080 (http) with context path ''
2018-11-08 07:46:15.163  INFO 6122 --- [main] c.k.koalaresto.KoalaRestoApplication     : Started KoalaRestoApplication in 27.839 seconds (JVM running for 33.185)
2018-11-08 07:49:04.484  INFO 6122 --- [http-nio-8080-exec-2] o.a.c.c.C.[Tomcat].[localhost].[/]       : Initializing Spring FrameworkServlet 'dispatcherServlet'
2018-11-08 07:49:04.486  INFO 6122 --- [http-nio-8080-exec-2] o.s.web.servlet.DispatcherServlet        : FrameworkServlet 'dispatcherServlet': initialization started
2018-11-08 07:49:04.560  INFO 6122 --- [http-nio-8080-exec-2] o.s.web.servlet.DispatcherServlet        : FrameworkServlet 'dispatcherServlet': initialization completed in 71 ms
2018-11-08 07:49:04.653  INFO 6122 --- [http-nio-8080-exec-2] c.k.koalaresto.security.JwtTokenFilter   : Process request to check for a JSON Web Token 
2018-11-08 07:49:05.451  INFO 6122 --- [http-nio-8080-exec-2] o.h.h.i.QueryTranslatorFactoryInitiator  : HHH000397: Using ASTQueryTranslatorFactory
2018-11-08 08:18:17.173  INFO 6122 --- [http-nio-8080-exec-3] c.k.koalaresto.security.JwtTokenFilter   : Process request to check for a JSON Web Token 
2018-11-08 08:42:47.037  INFO 6122 --- [http-nio-8080-exec-4] c.k.koalaresto.security.JwtTokenFilter   : Process request to check for a JSON Web Token 
2018-11-08 08:42:56.131  INFO 6122 --- [http-nio-8080-exec-5] c.k.koalaresto.security.JwtTokenFilter   : Process request to check for a JSON Web Token 
2018-11-08 08:42:57.111  INFO 6122 --- [http-nio-8080-exec-5] c.k.koalaresto.service.UserService       : New user attempting to sign in
2018-11-08 08:43:42.524  INFO 6122 --- [http-nio-8080-exec-6] c.k.koalaresto.security.JwtTokenFilter   : Process request to check for a JSON Web Token 
2018-11-08 08:48:37.704  INFO 6122 --- [http-nio-8080-exec-7] c.k.koalaresto.security.JwtTokenFilter   : Process request to check for a JSON Web Token 
2018-11-08 08:48:54.123  INFO 6122 --- [http-nio-8080-exec-8] c.k.koalaresto.security.JwtTokenFilter   : Process request to check for a JSON Web Token 
2018-11-08 08:51:33.800  INFO 6122 --- [http-nio-8080-exec-9] c.k.koalaresto.security.JwtTokenFilter   : Process request to check for a JSON Web Token 
2018-11-08 09:09:04.586  INFO 6122 --- [http-nio-8080-exec-10] c.k.koalaresto.security.JwtTokenFilter   : Process request to check for a JSON Web Token 
2018-11-08 09:10:09.575  INFO 6122 --- [http-nio-8080-exec-1] c.k.koalaresto.security.JwtTokenFilter   : Process request to check for a JSON Web Token 
2018-11-08 09:10:30.878  INFO 6122 --- [http-nio-8080-exec-2] c.k.koalaresto.security.JwtTokenFilter   : Process request to check for a JSON Web Token 
2018-11-08 09:10:30.956  WARN 6122 --- [http-nio-8080-exec-2] .m.m.a.ExceptionHandlerExceptionResolver : Resolved [org.springframework.security.access.AccessDeniedException: Access is denied]
2018-11-08 09:10:31.007  INFO 6122 --- [http-nio-8080-exec-2] c.k.koalaresto.security.JwtTokenFilter   : Process request to check for a JSON Web Token 
2018-11-08 09:14:03.683  INFO 6122 --- [http-nio-8080-exec-3] c.k.koalaresto.security.JwtTokenFilter   : Process request to check for a JSON Web Token 
2018-11-08 09:17:47.808  INFO 6122 --- [http-nio-8080-exec-4] c.k.koalaresto.security.JwtTokenFilter   : Process request to check for a JSON Web Token 
2018-11-08 09:18:05.691  INFO 6122 --- [http-nio-8080-exec-5] c.k.koalaresto.security.JwtTokenFilter   : Process request to check for a JSON Web Token 
2018-11-08 09:18:24.747  INFO 6122 --- [http-nio-8080-exec-6] c.k.koalaresto.security.JwtTokenFilter   : Process request to check for a JSON Web Token 
2018-11-08 09:18:24.754  INFO 6122 --- [http-nio-8080-exec-6] c.k.koalaresto.service.UserService       : New user attempting to sign in
2018-11-08 09:18:39.761  INFO 6122 --- [http-nio-8080-exec-7] c.k.koalaresto.security.JwtTokenFilter   : Process request to check for a JSON Web Token 
2018-11-08 09:38:30.839  INFO 6122 --- [Thread-2] ConfigServletWebServerApplicationContext : Closing org.springframework.boot.web.servlet.context.AnnotationConfigServletWebServerApplicationContext@45820e51: startup date [Thu Nov 08 07:45:50 WITA 2018]; root of context hierarchy
2018-11-08 09:38:30.884  INFO 6122 --- [Thread-2] o.s.c.support.DefaultLifecycleProcessor  : Stopping beans in phase 2147483647
2018-11-08 09:38:30.886  INFO 6122 --- [Thread-2] o.s.j.e.a.AnnotationMBeanExporter        : Unregistering JMX-exposed beans on shutdown
2018-11-08 09:38:30.891  INFO 6122 --- [Thread-2] o.s.j.e.a.AnnotationMBeanExporter        : Unregistering JMX-exposed beans
2018-11-08 09:38:30.927  INFO 6122 --- [Thread-2] j.LocalContainerEntityManagerFactoryBean : Closing JPA EntityManagerFactory for persistence unit 'default'
2018-11-08 09:38:30.935  INFO 6122 --- [Thread-2] com.zaxxer.hikari.HikariDataSource       : HikariPool-1 - Shutdown initiated...
2018-11-08 09:38:30.974  INFO 6122 --- [Thread-2] com.zaxxer.hikari.HikariDataSource       : HikariPool-1 - Shutdown completed.
